TN:
SF:src\presentation\controllers\signup.ts
FN:7,handle
FNF:1
FNH:1
FNDA:5,handle
DA:1,1
DA:2,1
DA:3,1
DA:4,1
DA:5,1
DA:6,1
DA:7,1
DA:8,5
DA:9,5
DA:10,14
DA:11,4
DA:12,4
DA:13,14
DA:14,1
DA:15,1
DA:16,1
DA:17,1
DA:18,1
DA:19,1
LF:19
LH:19
BRDA:7,0,0,5
BRDA:9,1,0,14
BRDA:10,2,0,4
BRDA:14,3,0,1
BRF:4
BRH:4
end_of_record
TN:
SF:src\presentation\errors\InvalidParamsErrors.ts
FN:2,InvalidParamError
FNF:1
FNH:0
FNDA:0,InvalidParamError
DA:1,1
DA:2,1
DA:3,0
DA:4,0
DA:5,0
DA:6,1
LF:6
LH:3
BRF:0
BRH:0
end_of_record
TN:
SF:src\presentation\errors\missingParamsErrors.ts
FN:2,MissingParamError
FNF:1
FNH:1
FNDA:8,MissingParamError
DA:1,1
DA:2,1
DA:3,8
DA:4,8
DA:5,8
DA:6,1
LF:6
LH:6
BRDA:2,0,0,8
BRF:1
BRH:1
end_of_record
